<?xml version="1.0" encoding="UTF-8"?>
<!-- Generated by org.testng.reporters.JUnitReportReporter -->
<testsuite hostname="LAPTOP-EP069KG9" failures="0" tests="1" name="TestNGPractice.GroupingInTestNG" time="0.009" errors="0" timestamp="2025-06-03T11:48:55 IST" skipped="0">
  <testcase classname="TestNGPractice.GroupingInTestNG" name="verifyPageTitle" time="0.009">
    <system-out>
      <![CDATA[Test case started
Test case Succeded ]]>
    </system-out>
  </testcase> <!-- verifyPageTitle -->
  <system-out>
    <![CDATA[Test case started
Test case Succeded 
Test case started
Test case Failed ]]>
  </system-out>
</testsuite> <!-- TestNGPractice.GroupingInTestNG -->
