<?xml version="1.0" encoding="UTF-8"?>
<!-- Generated by org.testng.reporters.JUnitReportReporter -->
<testsuite hostname="LAPTOP-EP069KG9" failures="0" tests="2" name="TestNGPractice.SkipTestCasesInTestNG" time="19.832" errors="0" timestamp="2025-06-03T10:24:22 IST" skipped="1">
  <testcase classname="TestNGPractice.SkipTestCasesInTestNG" name="verfiyUrl" time="19.832"/>
  <testcase classname="TestNGPractice.SkipTestCasesInTestNG" name="verifyPageTitle">
    <skipped/>
  </testcase> <!-- verifyPageTitle -->
</testsuite> <!-- TestNGPractice.SkipTestCasesInTestNG -->
