<?xml version="1.0" encoding="UTF-8"?>
<!-- Generated by org.testng.reporters.JUnitReportReporter -->
<testsuite hostname="LAPTOP-EP069KG9" failures="0" tests="1" name="TestNGPractice.HardAssertion" time="7.627" errors="0" timestamp="2025-06-04T12:44:27 IST" skipped="0">
  <testcase classname="TestNGPractice.HardAssertion" name="hardAssert" time="7.627"/>
</testsuite> <!-- TestNGPractice.HardAssertion -->
