<?xml version="1.0" encoding="UTF-8"?>
<!-- Generated by org.testng.reporters.JUnitReportReporter -->
<testsuite hostname="LAPTOP-EP069KG9" failures="0" tests="3" name="TestNGPractice.PrioritiesInTestNG" time="0.008" errors="0" timestamp="2025-05-31T12:33:50 IST" skipped="0">
  <testcase classname="TestNGPractice.PrioritiesInTestNG" name="cTest" time="0.002"/>
  <testcase classname="TestNGPractice.PrioritiesInTestNG" name="dTest" time="0.002"/>
  <testcase classname="TestNGPractice.PrioritiesInTestNG" name="aTest" time="0.004"/>
</testsuite> <!-- TestNGPractice.PrioritiesInTestNG -->
