<?xml version="1.0" encoding="UTF-8"?>
<!-- Generated by org.testng.reporters.JUnitReportReporter -->
<testsuite hostname="LAPTOP-EP069KG9" failures="0" tests="1" name="TestNGPractice.AnnotationInTestNG" time="0.008" errors="0" timestamp="2025-05-31T12:33:50 IST" skipped="0">
  <testcase classname="TestNGPractice.AnnotationInTestNG" name="anyTestMethod" time="0.008"/>
</testsuite> <!-- TestNGPractice.AnnotationInTestNG -->
