<?xml version="1.0" encoding="UTF-8"?>
<!-- Generated by org.testng.reporters.JUnitReportReporter -->
<testsuite hostname="LAPTOP-EP069KG9" failures="0" tests="1" name="omayo.testcases.SingleSelectDropDownVerification" time="15.139" errors="0" timestamp="2025-06-10T11:02:26 IST" skipped="0">
  <testcase classname="omayo.testcases.SingleSelectDropDownVerification" name="SingleSelctDropDown" time="15.139">
    <system-out>
      <![CDATA[Test case started
Test case Succeded ]]>
    </system-out>
  </testcase> <!-- SingleSelctDropDown -->
  <system-out>
    <![CDATA[Test case started
Test case Succeded 
Test case started
Test case Succeded 
Test case started
Test case Succeded 
Test case started
Test case Succeded ]]>
  </system-out>
</testsuite> <!-- omayo.testcases.SingleSelectDropDownVerification -->
